<?xml version="1.0" encoding="UTF-8"?>
<!-- Generated by org.testng.reporters.JUnitXMLReporter -->
<testsuite ignored="0" hostname="DESKTOP-ABLBB1N" failures="0" tests="10" name="Default test" time="19.182" errors="0" timestamp="2024-12-27T21:57:29 IST">
  <testcase classname="api.test.DataDrivenTests" name="testPostUserDDT" time="3.732"/>
  <testcase classname="api.test.DataDrivenTests" name="testPostUserDDT" time="1.455"/>
  <testcase classname="api.test.DataDrivenTests" name="testPostUserDDT" time="1.544"/>
  <testcase classname="api.test.DataDrivenTests" name="testPostUserDDT" time="1.534"/>
  <testcase classname="api.test.DataDrivenTests" name="testPostUserDDT" time="1.548"/>
  <testcase classname="api.test.DataDrivenTests" name="testDeleteUseDDT" time="1.423"/>
  <testcase classname="api.test.DataDrivenTests" name="testDeleteUseDDT" time="1.563"/>
  <testcase classname="api.test.DataDrivenTests" name="testDeleteUseDDT" time="1.564"/>
  <testcase classname="api.test.DataDrivenTests" name="testDeleteUseDDT" time="1.444"/>
  <testcase classname="api.test.DataDrivenTests" name="testDeleteUseDDT" time="1.41"/>
</testsuite> <!-- Default test -->
