<?xml version="1.0" encoding="UTF-8"?>
<!-- Generated by org.testng.reporters.JUnitXMLReporter -->
<testsuite ignored="0" hostname="DESKTOP-ABLBB1N" failures="0" tests="10" name="Test" time="20.839" errors="0" timestamp="2024-12-27T21:52:36 IST">
  <testcase classname="api.test.DataDrivenTests" name="testPostUserDDT" time="4.132"/>
  <testcase classname="api.test.DataDrivenTests" name="testPostUserDDT" time="1.518"/>
  <testcase classname="api.test.DataDrivenTests" name="testPostUserDDT" time="1.68"/>
  <testcase classname="api.test.DataDrivenTests" name="testPostUserDDT" time="2.695"/>
  <testcase classname="api.test.DataDrivenTests" name="testPostUserDDT" time="1.376"/>
  <testcase classname="api.test.DataDrivenTests" name="testDeleteUseDDT" time="1.592"/>
  <testcase classname="api.test.DataDrivenTests" name="testDeleteUseDDT" time="1.428"/>
  <testcase classname="api.test.DataDrivenTests" name="testDeleteUseDDT" time="1.474"/>
  <testcase classname="api.test.DataDrivenTests" name="testDeleteUseDDT" time="1.479"/>
  <testcase classname="api.test.DataDrivenTests" name="testDeleteUseDDT" time="1.436"/>
</testsuite> <!-- Test -->
