<?xml version="1.0" encoding="UTF-8"?>
<!-- Generated by org.testng.reporters.JUnitXMLReporter -->
<testsuite ignored="0" hostname="DESKTOP-ABLBB1N" failures="0" tests="14" name="Test" time="27.631" errors="0" timestamp="2025-01-02T11:57:44 IST">
  <testcase classname="api.test.UserTests" name="testPostUser" time="5.283"/>
  <testcase classname="api.test.UserTests" name="testGetUser" time="1.318"/>
  <testcase classname="api.test.UserTests" name="testUpdateUser" time="2.558"/>
  <testcase classname="api.test.UserTests" name="testDeleteUser" time="1.26"/>
  <testcase classname="api.test.DataDrivenTests" name="testPostUserDDT" time="1.348"/>
  <testcase classname="api.test.DataDrivenTests" name="testPostUserDDT" time="1.381"/>
  <testcase classname="api.test.DataDrivenTests" name="testPostUserDDT" time="1.369"/>
  <testcase classname="api.test.DataDrivenTests" name="testPostUserDDT" time="1.227"/>
  <testcase classname="api.test.DataDrivenTests" name="testPostUserDDT" time="1.323"/>
  <testcase classname="api.test.DataDrivenTests" name="testDeleteUseDDT" time="1.316"/>
  <testcase classname="api.test.DataDrivenTests" name="testDeleteUseDDT" time="1.259"/>
  <testcase classname="api.test.DataDrivenTests" name="testDeleteUseDDT" time="1.31"/>
  <testcase classname="api.test.DataDrivenTests" name="testDeleteUseDDT" time="1.221"/>
  <testcase classname="api.test.DataDrivenTests" name="testDeleteUseDDT" time="1.331"/>
</testsuite> <!-- Test -->
