<?xml version="1.0" encoding="UTF-8"?>
<testng-results ignored="0" total="10" passed="10" failed="0" skipped="0">
  <reporter-output>
  </reporter-output>
  <suite started-at="2024-12-27T21:57:10 IST" name="Default suite" finished-at="2024-12-27T21:57:29 IST" duration-ms="19182">
    <groups>
    </groups>
    <test started-at="2024-12-27T21:57:10 IST" name="Default test" finished-at="2024-12-27T21:57:29 IST" duration-ms="19182">
      <class name="api.test.DataDrivenTests">
        <test-method signature="testPostUserDDT(java.lang.String,java.lang.String,java.lang.String,java.lang.String,java.lang.String,java.lang.String,java.lang.String)[pri:1, instance:api.test.DataDrivenTests@26794848]" started-at="2024-12-27T21:57:12 IST" name="testPostUserDDT" data-provider="myDDTData" finished-at="2024-12-27T21:57:15 IST" duration-ms="3732" status="PASS">
          <params>
            <param index="0">
              <value>
                <![CDATA[1011]]>
              </value>
            </param>
            <param index="1">
              <value>
                <![CDATA[testuser1]]>
              </value>
            </param>
            <param index="2">
              <value>
                <![CDATA[John]]>
              </value>
            </param>
            <param index="3">
              <value>
                <![CDATA[Cena]]>
              </value>
            </param>
            <param index="4">
              <value>
                <![CDATA[test1@gmail.com]]>
              </value>
            </param>
            <param index="5">
              <value>
                <![CDATA[test@1]]>
              </value>
            </param>
            <param index="6">
              <value>
                <![CDATA[1234567895]]>
              </value>
            </param>
          </params>
          <reporter-output>
          </reporter-output>
        </test-method> <!-- testPostUserDDT -->
        <test-method signature="testPostUserDDT(java.lang.String,java.lang.String,java.lang.String,java.lang.String,java.lang.String,java.lang.String,java.lang.String)[pri:1, instance:api.test.DataDrivenTests@26794848]" started-at="2024-12-27T21:57:15 IST" name="testPostUserDDT" data-provider="myDDTData" finished-at="2024-12-27T21:57:17 IST" duration-ms="1455" status="PASS">
          <params>
            <param index="0">
              <value>
                <![CDATA[1012]]>
              </value>
            </param>
            <param index="1">
              <value>
                <![CDATA[testuser2]]>
              </value>
            </param>
            <param index="2">
              <value>
                <![CDATA[Rohit ]]>
              </value>
            </param>
            <param index="3">
              <value>
                <![CDATA[Sharma]]>
              </value>
            </param>
            <param index="4">
              <value>
                <![CDATA[test2@gmail.com]]>
              </value>
            </param>
            <param index="5">
              <value>
                <![CDATA[test@2]]>
              </value>
            </param>
            <param index="6">
              <value>
                <![CDATA[1234567896]]>
              </value>
            </param>
          </params>
          <reporter-output>
          </reporter-output>
        </test-method> <!-- testPostUserDDT -->
        <test-method signature="testPostUserDDT(java.lang.String,java.lang.String,java.lang.String,java.lang.String,java.lang.String,java.lang.String,java.lang.String)[pri:1, instance:api.test.DataDrivenTests@26794848]" started-at="2024-12-27T21:57:17 IST" name="testPostUserDDT" data-provider="myDDTData" finished-at="2024-12-27T21:57:18 IST" duration-ms="1544" status="PASS">
          <params>
            <param index="0">
              <value>
                <![CDATA[1013]]>
              </value>
            </param>
            <param index="1">
              <value>
                <![CDATA[testuser3]]>
              </value>
            </param>
            <param index="2">
              <value>
                <![CDATA[Virat]]>
              </value>
            </param>
            <param index="3">
              <value>
                <![CDATA[Kohli]]>
              </value>
            </param>
            <param index="4">
              <value>
                <![CDATA[test3@gmail.com]]>
              </value>
            </param>
            <param index="5">
              <value>
                <![CDATA[test@3]]>
              </value>
            </param>
            <param index="6">
              <value>
                <![CDATA[1234567897]]>
              </value>
            </param>
          </params>
          <reporter-output>
          </reporter-output>
        </test-method> <!-- testPostUserDDT -->
        <test-method signature="testPostUserDDT(java.lang.String,java.lang.String,java.lang.String,java.lang.String,java.lang.String,java.lang.String,java.lang.String)[pri:1, instance:api.test.DataDrivenTests@26794848]" started-at="2024-12-27T21:57:18 IST" name="testPostUserDDT" data-provider="myDDTData" finished-at="2024-12-27T21:57:20 IST" duration-ms="1534" status="PASS">
          <params>
            <param index="0">
              <value>
                <![CDATA[1014]]>
              </value>
            </param>
            <param index="1">
              <value>
                <![CDATA[testuser4]]>
              </value>
            </param>
            <param index="2">
              <value>
                <![CDATA[Rishabh]]>
              </value>
            </param>
            <param index="3">
              <value>
                <![CDATA[Pant]]>
              </value>
            </param>
            <param index="4">
              <value>
                <![CDATA[test4@gmail.com]]>
              </value>
            </param>
            <param index="5">
              <value>
                <![CDATA[test@4]]>
              </value>
            </param>
            <param index="6">
              <value>
                <![CDATA[1234567898]]>
              </value>
            </param>
          </params>
          <reporter-output>
          </reporter-output>
        </test-method> <!-- testPostUserDDT -->
        <test-method signature="testPostUserDDT(java.lang.String,java.lang.String,java.lang.String,java.lang.String,java.lang.String,java.lang.String,java.lang.String)[pri:1, instance:api.test.DataDrivenTests@26794848]" started-at="2024-12-27T21:57:20 IST" name="testPostUserDDT" data-provider="myDDTData" finished-at="2024-12-27T21:57:21 IST" duration-ms="1548" status="PASS">
          <params>
            <param index="0">
              <value>
                <![CDATA[1015]]>
              </value>
            </param>
            <param index="1">
              <value>
                <![CDATA[testuser5]]>
              </value>
            </param>
            <param index="2">
              <value>
                <![CDATA[Prajkta]]>
              </value>
            </param>
            <param index="3">
              <value>
                <![CDATA[Mali]]>
              </value>
            </param>
            <param index="4">
              <value>
                <![CDATA[test5@gmail.com]]>
              </value>
            </param>
            <param index="5">
              <value>
                <![CDATA[test@5]]>
              </value>
            </param>
            <param index="6">
              <value>
                <![CDATA[1234567899]]>
              </value>
            </param>
          </params>
          <reporter-output>
          </reporter-output>
        </test-method> <!-- testPostUserDDT -->
        <test-method signature="testDeleteUseDDT(java.lang.String)[pri:2, instance:api.test.DataDrivenTests@26794848]" started-at="2024-12-27T21:57:22 IST" name="testDeleteUseDDT" data-provider="UserNames" finished-at="2024-12-27T21:57:23 IST" duration-ms="1423" status="PASS">
          <params>
            <param index="0">
              <value>
                <![CDATA[testuser1]]>
              </value>
            </param>
          </params>
          <reporter-output>
          </reporter-output>
        </test-method> <!-- testDeleteUseDDT -->
        <test-method signature="testDeleteUseDDT(java.lang.String)[pri:2, instance:api.test.DataDrivenTests@26794848]" started-at="2024-12-27T21:57:23 IST" name="testDeleteUseDDT" data-provider="UserNames" finished-at="2024-12-27T21:57:25 IST" duration-ms="1563" status="PASS">
          <params>
            <param index="0">
              <value>
                <![CDATA[testuser2]]>
              </value>
            </param>
          </params>
          <reporter-output>
          </reporter-output>
        </test-method> <!-- testDeleteUseDDT -->
        <test-method signature="testDeleteUseDDT(java.lang.String)[pri:2, instance:api.test.DataDrivenTests@26794848]" started-at="2024-12-27T21:57:25 IST" name="testDeleteUseDDT" data-provider="UserNames" finished-at="2024-12-27T21:57:26 IST" duration-ms="1564" status="PASS">
          <params>
            <param index="0">
              <value>
                <![CDATA[testuser3]]>
              </value>
            </param>
          </params>
          <reporter-output>
          </reporter-output>
        </test-method> <!-- testDeleteUseDDT -->
        <test-method signature="testDeleteUseDDT(java.lang.String)[pri:2, instance:api.test.DataDrivenTests@26794848]" started-at="2024-12-27T21:57:26 IST" name="testDeleteUseDDT" data-provider="UserNames" finished-at="2024-12-27T21:57:28 IST" duration-ms="1444" status="PASS">
          <params>
            <param index="0">
              <value>
                <![CDATA[testuser4]]>
              </value>
            </param>
          </params>
          <reporter-output>
          </reporter-output>
        </test-method> <!-- testDeleteUseDDT -->
        <test-method signature="testDeleteUseDDT(java.lang.String)[pri:2, instance:api.test.DataDrivenTests@26794848]" started-at="2024-12-27T21:57:28 IST" name="testDeleteUseDDT" data-provider="UserNames" finished-at="2024-12-27T21:57:29 IST" duration-ms="1410" status="PASS">
          <params>
            <param index="0">
              <value>
                <![CDATA[testuser5]]>
              </value>
            </param>
          </params>
          <reporter-output>
          </reporter-output>
        </test-method> <!-- testDeleteUseDDT -->
      </class> <!-- api.test.DataDrivenTests -->
    </test> <!-- Default test -->
  </suite> <!-- Default suite -->
</testng-results>
