<?xml version="1.0" encoding="UTF-8"?>
<testng-results ignored="0" total="14" passed="14" failed="0" skipped="0">
  <reporter-output>
  </reporter-output>
  <suite started-at="2025-01-02T12:08:00 IST" name="Suite" finished-at="2025-01-02T12:08:26 IST" duration-ms="25238">
    <groups>
    </groups>
    <test started-at="2025-01-02T12:08:00 IST" name="Test" finished-at="2025-01-02T12:08:26 IST" duration-ms="25238">
      <class name="api.test.DataDrivenTests">
        <test-method signature="testPostUserDDT(java.lang.String,java.lang.String,java.lang.String,java.lang.String,java.lang.String,java.lang.String,java.lang.String)[pri:1, instance:api.test.DataDrivenTests@3c3d9b6b]" started-at="2025-01-02T12:08:13 IST" name="testPostUserDDT" data-provider="myDDTData" finished-at="2025-01-02T12:08:14 IST" duration-ms="1237" status="PASS">
          <params>
            <param index="0">
              <value>
                <![CDATA[1011]]>
              </value>
            </param>
            <param index="1">
              <value>
                <![CDATA[testuser1]]>
              </value>
            </param>
            <param index="2">
              <value>
                <![CDATA[John]]>
              </value>
            </param>
            <param index="3">
              <value>
                <![CDATA[Cena]]>
              </value>
            </param>
            <param index="4">
              <value>
                <![CDATA[test1@gmail.com]]>
              </value>
            </param>
            <param index="5">
              <value>
                <![CDATA[test@1]]>
              </value>
            </param>
            <param index="6">
              <value>
                <![CDATA[1234567895]]>
              </value>
            </param>
          </params>
          <reporter-output>
          </reporter-output>
        </test-method> <!-- testPostUserDDT -->
        <test-method signature="testPostUserDDT(java.lang.String,java.lang.String,java.lang.String,java.lang.String,java.lang.String,java.lang.String,java.lang.String)[pri:1, instance:api.test.DataDrivenTests@3c3d9b6b]" started-at="2025-01-02T12:08:14 IST" name="testPostUserDDT" data-provider="myDDTData" finished-at="2025-01-02T12:08:16 IST" duration-ms="1259" status="PASS">
          <params>
            <param index="0">
              <value>
                <![CDATA[1012]]>
              </value>
            </param>
            <param index="1">
              <value>
                <![CDATA[testuser2]]>
              </value>
            </param>
            <param index="2">
              <value>
                <![CDATA[Rohit ]]>
              </value>
            </param>
            <param index="3">
              <value>
                <![CDATA[Sharma]]>
              </value>
            </param>
            <param index="4">
              <value>
                <![CDATA[test2@gmail.com]]>
              </value>
            </param>
            <param index="5">
              <value>
                <![CDATA[test@2]]>
              </value>
            </param>
            <param index="6">
              <value>
                <![CDATA[1234567896]]>
              </value>
            </param>
          </params>
          <reporter-output>
          </reporter-output>
        </test-method> <!-- testPostUserDDT -->
        <test-method signature="testPostUserDDT(java.lang.String,java.lang.String,java.lang.String,java.lang.String,java.lang.String,java.lang.String,java.lang.String)[pri:1, instance:api.test.DataDrivenTests@3c3d9b6b]" started-at="2025-01-02T12:08:16 IST" name="testPostUserDDT" data-provider="myDDTData" finished-at="2025-01-02T12:08:17 IST" duration-ms="1315" status="PASS">
          <params>
            <param index="0">
              <value>
                <![CDATA[1013]]>
              </value>
            </param>
            <param index="1">
              <value>
                <![CDATA[testuser3]]>
              </value>
            </param>
            <param index="2">
              <value>
                <![CDATA[Virat]]>
              </value>
            </param>
            <param index="3">
              <value>
                <![CDATA[Kohli]]>
              </value>
            </param>
            <param index="4">
              <value>
                <![CDATA[test3@gmail.com]]>
              </value>
            </param>
            <param index="5">
              <value>
                <![CDATA[test@3]]>
              </value>
            </param>
            <param index="6">
              <value>
                <![CDATA[1234567897]]>
              </value>
            </param>
          </params>
          <reporter-output>
          </reporter-output>
        </test-method> <!-- testPostUserDDT -->
        <test-method signature="testPostUserDDT(java.lang.String,java.lang.String,java.lang.String,java.lang.String,java.lang.String,java.lang.String,java.lang.String)[pri:1, instance:api.test.DataDrivenTests@3c3d9b6b]" started-at="2025-01-02T12:08:17 IST" name="testPostUserDDT" data-provider="myDDTData" finished-at="2025-01-02T12:08:18 IST" duration-ms="1241" status="PASS">
          <params>
            <param index="0">
              <value>
                <![CDATA[1014]]>
              </value>
            </param>
            <param index="1">
              <value>
                <![CDATA[testuser4]]>
              </value>
            </param>
            <param index="2">
              <value>
                <![CDATA[Rishabh]]>
              </value>
            </param>
            <param index="3">
              <value>
                <![CDATA[Pant]]>
              </value>
            </param>
            <param index="4">
              <value>
                <![CDATA[test4@gmail.com]]>
              </value>
            </param>
            <param index="5">
              <value>
                <![CDATA[test@4]]>
              </value>
            </param>
            <param index="6">
              <value>
                <![CDATA[1234567898]]>
              </value>
            </param>
          </params>
          <reporter-output>
          </reporter-output>
        </test-method> <!-- testPostUserDDT -->
        <test-method signature="testPostUserDDT(java.lang.String,java.lang.String,java.lang.String,java.lang.String,java.lang.String,java.lang.String,java.lang.String)[pri:1, instance:api.test.DataDrivenTests@3c3d9b6b]" started-at="2025-01-02T12:08:18 IST" name="testPostUserDDT" data-provider="myDDTData" finished-at="2025-01-02T12:08:19 IST" duration-ms="1177" status="PASS">
          <params>
            <param index="0">
              <value>
                <![CDATA[1015]]>
              </value>
            </param>
            <param index="1">
              <value>
                <![CDATA[testuser5]]>
              </value>
            </param>
            <param index="2">
              <value>
                <![CDATA[Prajkta]]>
              </value>
            </param>
            <param index="3">
              <value>
                <![CDATA[Mali]]>
              </value>
            </param>
            <param index="4">
              <value>
                <![CDATA[test5@gmail.com]]>
              </value>
            </param>
            <param index="5">
              <value>
                <![CDATA[test@5]]>
              </value>
            </param>
            <param index="6">
              <value>
                <![CDATA[1234567899]]>
              </value>
            </param>
          </params>
          <reporter-output>
          </reporter-output>
        </test-method> <!-- testPostUserDDT -->
        <test-method signature="testDeleteUseDDT(java.lang.String)[pri:2, instance:api.test.DataDrivenTests@3c3d9b6b]" started-at="2025-01-02T12:08:20 IST" name="testDeleteUseDDT" data-provider="UserNames" finished-at="2025-01-02T12:08:21 IST" duration-ms="1224" status="PASS">
          <params>
            <param index="0">
              <value>
                <![CDATA[testuser1]]>
              </value>
            </param>
          </params>
          <reporter-output>
          </reporter-output>
        </test-method> <!-- testDeleteUseDDT -->
        <test-method signature="testDeleteUseDDT(java.lang.String)[pri:2, instance:api.test.DataDrivenTests@3c3d9b6b]" started-at="2025-01-02T12:08:21 IST" name="testDeleteUseDDT" data-provider="UserNames" finished-at="2025-01-02T12:08:22 IST" duration-ms="1207" status="PASS">
          <params>
            <param index="0">
              <value>
                <![CDATA[testuser2]]>
              </value>
            </param>
          </params>
          <reporter-output>
          </reporter-output>
        </test-method> <!-- testDeleteUseDDT -->
        <test-method signature="testDeleteUseDDT(java.lang.String)[pri:2, instance:api.test.DataDrivenTests@3c3d9b6b]" started-at="2025-01-02T12:08:22 IST" name="testDeleteUseDDT" data-provider="UserNames" finished-at="2025-01-02T12:08:23 IST" duration-ms="1175" status="PASS">
          <params>
            <param index="0">
              <value>
                <![CDATA[testuser3]]>
              </value>
            </param>
          </params>
          <reporter-output>
          </reporter-output>
        </test-method> <!-- testDeleteUseDDT -->
        <test-method signature="testDeleteUseDDT(java.lang.String)[pri:2, instance:api.test.DataDrivenTests@3c3d9b6b]" started-at="2025-01-02T12:08:23 IST" name="testDeleteUseDDT" data-provider="UserNames" finished-at="2025-01-02T12:08:24 IST" duration-ms="1175" status="PASS">
          <params>
            <param index="0">
              <value>
                <![CDATA[testuser4]]>
              </value>
            </param>
          </params>
          <reporter-output>
          </reporter-output>
        </test-method> <!-- testDeleteUseDDT -->
        <test-method signature="testDeleteUseDDT(java.lang.String)[pri:2, instance:api.test.DataDrivenTests@3c3d9b6b]" started-at="2025-01-02T12:08:24 IST" name="testDeleteUseDDT" data-provider="UserNames" finished-at="2025-01-02T12:08:26 IST" duration-ms="1238" status="PASS">
          <params>
            <param index="0">
              <value>
                <![CDATA[testuser5]]>
              </value>
            </param>
          </params>
          <reporter-output>
          </reporter-output>
        </test-method> <!-- testDeleteUseDDT -->
      </class> <!-- api.test.DataDrivenTests -->
      <class name="api.test.UserTests">
        <test-method is-config="true" signature="setUp()[pri:0, instance:api.test.UserTests@bccb269]" started-at="2025-01-02T12:08:01 IST" name="setUp" finished-at="2025-01-02T12:08:02 IST" duration-ms="1379" status="PASS">
          <reporter-output>
          </reporter-output>
        </test-method> <!-- setUp -->
        <test-method signature="testPostUser()[pri:1, instance:api.test.UserTests@bccb269]" started-at="2025-01-02T12:08:02 IST" name="testPostUser" finished-at="2025-01-02T12:08:07 IST" duration-ms="4872" status="PASS">
          <reporter-output>
          </reporter-output>
        </test-method> <!-- testPostUser -->
        <test-method signature="testGetUser()[pri:2, instance:api.test.UserTests@bccb269]" started-at="2025-01-02T12:08:07 IST" name="testGetUser" finished-at="2025-01-02T12:08:08 IST" duration-ms="1308" status="PASS">
          <reporter-output>
          </reporter-output>
        </test-method> <!-- testGetUser -->
        <test-method signature="testUpdateUser()[pri:3, instance:api.test.UserTests@bccb269]" started-at="2025-01-02T12:08:08 IST" name="testUpdateUser" finished-at="2025-01-02T12:08:11 IST" duration-ms="2526" status="PASS">
          <reporter-output>
          </reporter-output>
        </test-method> <!-- testUpdateUser -->
        <test-method signature="testDeleteUser()[pri:4, instance:api.test.UserTests@bccb269]" started-at="2025-01-02T12:08:11 IST" name="testDeleteUser" finished-at="2025-01-02T12:08:12 IST" duration-ms="1307" status="PASS">
          <reporter-output>
          </reporter-output>
        </test-method> <!-- testDeleteUser -->
      </class> <!-- api.test.UserTests -->
    </test> <!-- Test -->
  </suite> <!-- Suite -->
</testng-results>
